<?xml version="1.0" encoding="UTF-8"?>
<testng-results skipped="0" failed="0" total="2" passed="2">
  <reporter-output>
  </reporter-output>
  <suite name="Default suite" duration-ms="32" started-at="2016-10-13T09:15:28Z" finished-at="2016-10-13T09:15:28Z">
    <groups>
    </groups>
    <test name="Default test" duration-ms="32" started-at="2016-10-13T09:15:28Z" finished-at="2016-10-13T09:15:28Z">
      <class name="com.selenium.TestNGTest">
        <test-method status="PASS" signature="beforeMethod()[pri:0, instance:com.selenium.TestNGTest@5cc7c2a6]" name="beforeMethod" is-config="true" duration-ms="5" started-at="2016-10-13T14:45:28Z" finished-at="2016-10-13T14:45:28Z">
          <reporter-output>
          </reporter-output>
        </test-method> <!-- beforeMethod -->
        <test-method status="PASS" signature="print1()[pri:0, instance:com.selenium.TestNGTest@5cc7c2a6]" name="print1" duration-ms="5" started-at="2016-10-13T14:45:28Z" finished-at="2016-10-13T14:45:28Z">
          <reporter-output>
          </reporter-output>
        </test-method> <!-- print1 -->
        <test-method status="PASS" signature="beforeMethod()[pri:0, instance:com.selenium.TestNGTest@5cc7c2a6]" name="beforeMethod" is-config="true" duration-ms="0" started-at="2016-10-13T14:45:28Z" finished-at="2016-10-13T14:45:28Z">
          <reporter-output>
          </reporter-output>
        </test-method> <!-- beforeMethod -->
        <test-method status="PASS" signature="print2()[pri:0, instance:com.selenium.TestNGTest@5cc7c2a6]" name="print2" duration-ms="3" started-at="2016-10-13T14:45:28Z" finished-at="2016-10-13T14:45:28Z">
          <reporter-output>
          </reporter-output>
        </test-method> <!-- print2 -->
      </class> <!-- com.selenium.TestNGTest -->
    </test> <!-- Default test -->
  </suite> <!-- Default suite -->
</testng-results>
